Performing C++ SOURCE FILE Test META_HAS_EXPERIMENTAL_FILESYSTEM failed with the following output:
Change Dir: /Volumes/High Speed Storage/Development/searchAPI/cpp/build/CMakeFiles/CMakeTmp

Run Build Command:"/usr/bin/make" "cmTC_4ee93/fast"
/Applications/Xcode.app/Contents/Developer/usr/bin/make -f CMakeFiles/cmTC_4ee93.dir/build.make CMakeFiles/cmTC_4ee93.dir/build
Building CXX object CMakeFiles/cmTC_4ee93.dir/src.cxx.o
/Applications/Xcode.app/Contents/Developer/Toolchains/XcodeDefault.xctoolchain/usr/bin/clang++    -I"/Volumes/High Speed Storage/Development/searchAPI/cpp/build/CMakeFiles/CMakeTmp/LIBCXX_PREFIX-NOTFOUND/c++/v1"  -Wall -Wextra -pedantic -std=c++14  -DMETA_HAS_EXPERIMENTAL_FILESYSTEM  /usr/lib/libdl.dylib  -std=c++14 /usr/lib/libdl.dylib -stdlib=libc++ -stdlib=libc++ /usr/lib/libc++abi.dylib -L/usr/lib   -o CMakeFiles/cmTC_4ee93.dir/src.cxx.o -c "/Volumes/High Speed Storage/Development/searchAPI/cpp/build/CMakeFiles/CMakeTmp/src.cxx"
clang: warning: /usr/lib/libdl.dylib: 'linker' input unused
clang: warning: /usr/lib/libdl.dylib: 'linker' input unused
clang: warning: /usr/lib/libc++abi.dylib: 'linker' input unused
clang: warning: argument unused during compilation: '-L/usr/lib'
/Volumes/High Speed Storage/Development/searchAPI/cpp/build/CMakeFiles/CMakeTmp/src.cxx:2:10: fatal error: 'experimental/filesystem' file not found
#include <experimental/filesystem>
         ^
1 error generated.
make[1]: *** [CMakeFiles/cmTC_4ee93.dir/src.cxx.o] Error 1
make: *** [cmTC_4ee93/fast] Error 2

Source file was:

#include <experimental/filesystem>

int main()
{
    std::experimental::filesystem::path p1 = "/usr";
    return 0;
}
Performing C++ SOURCE FILE Test META_HAS_ALIGNED_ALLOC failed with the following output:
Change Dir: /Volumes/High Speed Storage/Development/searchAPI/cpp/build/CMakeFiles/CMakeTmp

Run Build Command:"/usr/bin/make" "cmTC_6a2d4/fast"
/Applications/Xcode.app/Contents/Developer/usr/bin/make -f CMakeFiles/cmTC_6a2d4.dir/build.make CMakeFiles/cmTC_6a2d4.dir/build
Building CXX object CMakeFiles/cmTC_6a2d4.dir/src.cxx.o
/Applications/Xcode.app/Contents/Developer/Toolchains/XcodeDefault.xctoolchain/usr/bin/clang++    -I"/Volumes/High Speed Storage/Development/searchAPI/cpp/build/CMakeFiles/CMakeTmp/LIBCXX_PREFIX-NOTFOUND/c++/v1"  -Wall -Wextra -pedantic -std=c++14  -DMETA_HAS_ALIGNED_ALLOC  /usr/lib/libdl.dylib  -std=c++14 /usr/lib/libdl.dylib -stdlib=libc++ -stdlib=libc++ /usr/lib/libc++abi.dylib -L/usr/lib   -o CMakeFiles/cmTC_6a2d4.dir/src.cxx.o -c "/Volumes/High Speed Storage/Development/searchAPI/cpp/build/CMakeFiles/CMakeTmp/src.cxx"
clang: warning: /usr/lib/libdl.dylib: 'linker' input unused
clang: warning: /usr/lib/libdl.dylib: 'linker' input unused
clang: warning: /usr/lib/libc++abi.dylib: 'linker' input unused
clang: warning: argument unused during compilation: '-L/usr/lib'
/Volumes/High Speed Storage/Development/searchAPI/cpp/build/CMakeFiles/CMakeTmp/src.cxx:6:7: error: no member named 'aligned_alloc' in the global namespace
    ::aligned_alloc(64, 128);
    ~~^
1 error generated.
make[1]: *** [CMakeFiles/cmTC_6a2d4.dir/src.cxx.o] Error 1
make: *** [cmTC_6a2d4/fast] Error 2

Source file was:

#include <cstdlib>

int main()
{
    ::aligned_alloc(64, 128);
    return 0;
}
